<?xml version="1.0" encoding="UTF-8"?>
<!--

    Copyright (c) 2007-2012, the original author or authors.

    This program is licensed to you under the Apache License Version 2.0,
    and you may not use this file except in compliance with the Apache License Version 2.0.
    You may obtain a copy of the Apache License Version 2.0 at http://www.apache.org/licenses/LICENSE-2.0.

    Unless required by applicable law or agreed to in writing,
    software distributed under the Apache License Version 2.0 is distributed on an
    "AS IS" BASIS, WITHOUT WARRANTIES OR CONDITIONS OF ANY KIND, either express or implied.
    See the Apache License Version 2.0 for the specific language governing permissions and limitations there under.

-->
<project xmlns="http://maven.apache.org/POM/4.0.0" xmlns:xsi="http://www.w3.org/2001/XMLSchema-instance" xsi:schemaLocation="http://maven.apache.org/POM/4.0.0 http://maven.apache.org/maven-v4_0_0.xsd">

    <modelVersion>4.0.0</modelVersion>

    <groupId>org.codehaus.gmaven.test</groupId>
    <artifactId>test-1</artifactId>
    <name>${project.artifactId}</name>
    <version>1-SNAPSHOT</version>

    <dependencies>
        <dependency>
            <groupId>org.codehaus.groovy</groupId>
            <artifactId>groovy</artifactId>
            <!--<version>1.5.8</version>-->
            <!--<version>1.6.9</version>-->
            <!--<version>1.7.11</version>-->
            <!--<version>1.8.7</version>-->
            <version>2.0.1</version>
        </dependency>
    </dependencies>

</project>

